Using Theano backend.
Using gpu device 0: Tesla K80 (CNMeM is disabled, cuDNN 5005)
/usr/local/anaconda3/envs/regression_dragonn_new/lib/python2.7/site-packages/theano/tensor/signal/downsample.py:6: UserWarning: downsample module has been moved to the theano.tensor.signal.pool module.
  "downsample module has been moved to the theano.tensor.signal.pool module.")
/usr/local/anaconda3/envs/regression_dragonn_new/lib/python2.7/site-packages/sklearn/preprocessing/data.py:321: DeprecationWarning: Passing 1d arrays as data is deprecated in 0.17 and will raise ValueError in 0.19. Reshape your data either using X.reshape(-1, 1) if your data has a single feature or X.reshape(1, -1) if it contains a single sample.
  warnings.warn(DEPRECATION_MSG_1D, DeprecationWarning)
/usr/local/anaconda3/envs/regression_dragonn_new/lib/python2.7/site-packages/sklearn/preprocessing/data.py:356: DeprecationWarning: Passing 1d arrays as data is deprecated in 0.17 and will raise ValueError in 0.19. Reshape your data either using X.reshape(-1, 1) if your data has a single feature or X.reshape(1, -1) if it contains a single sample.
  warnings.warn(DEPRECATION_MSG_1D, DeprecationWarning)
Traceback (most recent call last):
  File "top_hyperparam.py", line 22, in <module>
    L1 = (0, 0, 0))               
  File "/home/deeperswag/cs273b-project/notebooks/models/models.py", line 299, in __init__
    self.model.add(Dense(output_dim=self.num_tasks))
  File "/usr/local/anaconda3/envs/regression_dragonn_new/lib/python2.7/site-packages/keras/layers/containers.py", line 68, in add
    self.layers[-1].set_previous(self.layers[-2])
  File "/usr/local/anaconda3/envs/regression_dragonn_new/lib/python2.7/site-packages/keras/layers/core.py", line 105, in set_previous
    self.build()
  File "/usr/local/anaconda3/envs/regression_dragonn_new/lib/python2.7/site-packages/keras/layers/core.py", line 943, in build
    self.W = self.init((input_dim, self.output_dim))
  File "/usr/local/anaconda3/envs/regression_dragonn_new/lib/python2.7/site-packages/keras/initializations.py", line 42, in glorot_uniform
    return uniform(shape, s, name=name)
  File "/usr/local/anaconda3/envs/regression_dragonn_new/lib/python2.7/site-packages/keras/initializations.py", line 13, in uniform
    return K.variable(np.random.uniform(low=-scale, high=scale, size=shape),
  File "mtrand.pyx", line 1565, in mtrand.RandomState.uniform (numpy/random/mtrand/mtrand.c:17303)
OverflowError: Range exceeds valid bounds
Using Theano backend.
Using gpu device 0: Tesla K80 (CNMeM is disabled, cuDNN 5005)
/usr/local/anaconda3/envs/regression_dragonn_new/lib/python2.7/site-packages/theano/tensor/signal/downsample.py:6: UserWarning: downsample module has been moved to the theano.tensor.signal.pool module.
  "downsample module has been moved to the theano.tensor.signal.pool module.")
/usr/local/anaconda3/envs/regression_dragonn_new/lib/python2.7/site-packages/sklearn/preprocessing/data.py:321: DeprecationWarning: Passing 1d arrays as data is deprecated in 0.17 and will raise ValueError in 0.19. Reshape your data either using X.reshape(-1, 1) if your data has a single feature or X.reshape(1, -1) if it contains a single sample.
  warnings.warn(DEPRECATION_MSG_1D, DeprecationWarning)
/usr/local/anaconda3/envs/regression_dragonn_new/lib/python2.7/site-packages/sklearn/preprocessing/data.py:356: DeprecationWarning: Passing 1d arrays as data is deprecated in 0.17 and will raise ValueError in 0.19. Reshape your data either using X.reshape(-1, 1) if your data has a single feature or X.reshape(1, -1) if it contains a single sample.
  warnings.warn(DEPRECATION_MSG_1D, DeprecationWarning)
Traceback (most recent call last):
  File "top_hyperparam.py", line 16, in <module>
    L1 = (0, 0, 0)),
TypeError: __init__() got an unexpected keyword argument 'num_task'
